[18:48:03] [main/INFO]: Environment: authHost='https://authserver.mojang.com', accountsHost='https://api.mojang.com', sessionHost='https://sessionserver.mojang.com', servicesHost='https://api.minecraftservices.com', name='PROD'
[18:48:04] [main/INFO]: Reloading ResourceManager: Default, bukkit
[18:48:05] [Worker-Main-14/INFO]: Loaded 7 recipes
[18:48:08] [Server thread/INFO]: Starting minecraft server version 1.16.4
[18:48:08] [Server thread/INFO]: Loading properties
[18:48:09] [Server thread/INFO]: This server is running CraftBukkit version git-Spigot-a19903d-009f0ba (MC: 1.16.4) (Implementing API version 1.16.4-R0.1-SNAPSHOT)
[18:48:09] [Server thread/INFO]: Debug logging is disabled
[18:48:09] [Server thread/INFO]: Server Ping Player Sample Count: 12
[18:48:09] [Server thread/INFO]: Using 4 threads for Netty based IO
[18:48:10] [Server thread/INFO]: Default game type: SURVIVAL
[18:48:10] [Server thread/INFO]: Generating keypair
[18:48:11] [Server thread/INFO]: Starting Minecraft server on 51.89.132.253:25606
[18:48:11] [Server thread/INFO]: Using epoll channel type
[18:48:13] [Server thread/WARN]: Initializing Legacy Material Support. Unless you have legacy plugins and/or data this is a bug!
[18:48:20] [Server thread/WARN]: Legacy plugin OldPvP v1.9 does not specify an api-version.
[18:48:20] [Server thread/WARN]: Legacy plugin dynmap v3.1-beta5-431 does not specify an api-version.
[18:48:20] [Server thread/INFO]: [LuckPerms] Loading LuckPerms v5.2.47
[18:48:25] [Server thread/INFO]: [Vault] Loading Vault v1.7.3-b131
[18:48:25] [Server thread/INFO]: [OldPvP] Loading OldPvP v1.9
[18:48:25] [Server thread/INFO]: [dynmap] Loading dynmap v3.1-beta5-431
[18:48:25] [Server thread/INFO]: [dynmap] version=git-Spigot-a19903d-009f0ba (MC: 1.16.4)
[18:48:25] [Server thread/INFO]: [dynmap] Mod Support API available
[18:48:25] [Server thread/INFO]: [Essentials] Loading Essentials v2.18.2.0
[18:48:25] [Server thread/INFO]: [EssentialsProtect] Loading EssentialsProtect v2.18.2.0
[18:48:25] [Server thread/INFO]: [EssentialsSpawn] Loading EssentialsSpawn v2.18.2.0
[18:48:25] [Server thread/INFO]: [EssentialsGeoIP] Loading EssentialsGeoIP v2.18.2.0
[18:48:25] [Server thread/INFO]: [EssentialsChat] Loading EssentialsChat v2.18.2.0
[18:48:25] [Server thread/INFO]: [BetterSleeping3] Loading BetterSleeping3 v3.0.4
[18:48:25] [Server thread/INFO]: [EssentialsAntiBuild] Loading EssentialsAntiBuild v2.18.2.0
[18:48:25] [Server thread/INFO]: [EssentialsXMPP] Loading EssentialsXMPP v2.18.2.0
[18:48:25] [Server thread/INFO]: [LuckPerms] Enabling LuckPerms v5.2.47
[18:48:26] [Server thread/INFO]:         __    
[18:48:26] [Server thread/INFO]:   |    |__)   LuckPerms v5.2.47
[18:48:26] [Server thread/INFO]:   |___ |      Running on Bukkit - CraftBukkit
[18:48:26] [Server thread/INFO]: 
[18:48:26] [Server thread/INFO]: [LuckPerms] Loading configuration...
[18:48:27] [Server thread/INFO]: [LuckPerms] Loading storage provider... [H2]
[18:48:28] [Server thread/INFO]: [LuckPerms] Loading internal permission managers...
[18:48:28] [Server thread/INFO]: [LuckPerms] Performing initial data load...
[18:48:29] [Server thread/INFO]: [LuckPerms] Successfully enabled. (took 3433ms)
[18:48:29] [Server thread/INFO]: [Vault] Enabling Vault v1.7.3-b131
[18:48:29] [Server thread/WARN]: [Vault] Loaded class com.earth2me.essentials.api.Economy from Essentials v2.18.2.0 which is not a depend, softdepend or loadbefore of this plugin.
[18:48:29] [Server thread/INFO]: [Vault] [Economy] Essentials Economy found: Waiting
[18:48:29] [Server thread/INFO]: [Vault] [Permission] SuperPermissions loaded as backup permission system.
[18:48:29] [Server thread/INFO]: [Vault] Enabled Version 1.7.3-b131
[18:48:29] [Server thread/INFO]: [LuckPerms] Registered Vault permission & chat hook.
[18:48:29] [Server thread/INFO]: Preparing level "world"
[18:48:29] [Server thread/INFO]: -------- World Settings For [world] --------
[18:48:29] [Server thread/INFO]: Experience Merge Radius: 3.0
[18:48:29] [Server thread/INFO]: Mob Spawn Range: 6
[18:48:29] [Server thread/INFO]: Cactus Growth Modifier: 100%
[18:48:29] [Server thread/INFO]: Cane Growth Modifier: 100%
[18:48:29] [Server thread/INFO]: Melon Growth Modifier: 100%
[18:48:29] [Server thread/INFO]: Mushroom Growth Modifier: 100%
[18:48:29] [Server thread/INFO]: Pumpkin Growth Modifier: 100%
[18:48:29] [Server thread/INFO]: Sapling Growth Modifier: 100%
[18:48:29] [Server thread/INFO]: Beetroot Growth Modifier: 100%
[18:48:29] [Server thread/INFO]: Carrot Growth Modifier: 100%
[18:48:29] [Server thread/INFO]: Potato Growth Modifier: 100%
[18:48:29] [Server thread/INFO]: Wheat Growth Modifier: 100%
[18:48:29] [Server thread/INFO]: NetherWart Growth Modifier: 100%
[18:48:29] [Server thread/INFO]: Vine Growth Modifier: 100%
[18:48:29] [Server thread/INFO]: Cocoa Growth Modifier: 100%
[18:48:29] [Server thread/INFO]: Bamboo Growth Modifier: 100%
[18:48:29] [Server thread/INFO]: SweetBerry Growth Modifier: 100%
[18:48:29] [Server thread/INFO]: Kelp Growth Modifier: 100%
[18:48:29] [Server thread/INFO]: Entity Activation Range: An 32 / Mo 32 / Ra 48 / Mi 16 / Tiv true
[18:48:29] [Server thread/INFO]: Hopper Transfer: 8 Hopper Check: 1 Hopper Amount: 1
[18:48:29] [Server thread/INFO]: Custom Map Seeds:  Village: 10387312 Desert: 14357617 Igloo: 14357618 Jungle: 14357619 Swamp: 14357620 Monument: 10387313 Ocean: 14357621 Shipwreck: 165745295 End City: 10387313 Slime: 987234911 Bastion: 30084232 Fortress: 30084232 Mansion: 10387319 Fossil: 14357921 Portal: 34222645
[18:48:29] [Server thread/INFO]: Max TNT Explosions: 100
[18:48:29] [Server thread/INFO]: Tile Max Tick Time: 50ms Entity max Tick Time: 50ms
[18:48:29] [Server thread/INFO]: Entity Tracking Range: Pl 48 / An 48 / Mo 48 / Mi 32 / Other 64
[18:48:29] [Server thread/INFO]: Allow Zombie Pigmen to spawn from portal blocks: true
[18:48:29] [Server thread/INFO]: Item Merge Radius: 2.5
[18:48:29] [Server thread/INFO]: Item Despawn Rate: 6000
[18:48:29] [Server thread/INFO]: View Distance: 15
[18:48:29] [Server thread/INFO]: Arrow Despawn Rate: 1200 Trident Respawn Rate:1200
[18:48:29] [Server thread/INFO]: Zombie Aggressive Towards Villager: true
[18:48:29] [Server thread/INFO]: Nerfing mobs spawned from spawners: false
[18:48:30] [Server thread/INFO]: -------- World Settings For [world_nether] --------
[18:48:30] [Server thread/INFO]: Experience Merge Radius: 3.0
[18:48:30] [Server thread/INFO]: Mob Spawn Range: 6
[18:48:30] [Server thread/INFO]: Cactus Growth Modifier: 100%
[18:48:30] [Server thread/INFO]: Cane Growth Modifier: 100%
[18:48:30] [Server thread/INFO]: Melon Growth Modifier: 100%
[18:48:30] [Server thread/INFO]: Mushroom Growth Modifier: 100%
[18:48:30] [Server thread/INFO]: Pumpkin Growth Modifier: 100%
[18:48:30] [Server thread/INFO]: Sapling Growth Modifier: 100%
[18:48:30] [Server thread/INFO]: Beetroot Growth Modifier: 100%
[18:48:30] [Server thread/INFO]: Carrot Growth Modifier: 100%
[18:48:30] [Server thread/INFO]: Potato Growth Modifier: 100%
[18:48:30] [Server thread/INFO]: Wheat Growth Modifier: 100%
[18:48:30] [Server thread/INFO]: NetherWart Growth Modifier: 100%
[18:48:30] [Server thread/INFO]: Vine Growth Modifier: 100%
[18:48:30] [Server thread/INFO]: Cocoa Growth Modifier: 100%
[18:48:30] [Server thread/INFO]: Bamboo Growth Modifier: 100%
[18:48:30] [Server thread/INFO]: SweetBerry Growth Modifier: 100%
[18:48:30] [Server thread/INFO]: Kelp Growth Modifier: 100%
[18:48:30] [Server thread/INFO]: Entity Activation Range: An 32 / Mo 32 / Ra 48 / Mi 16 / Tiv true
[18:48:30] [Server thread/INFO]: Hopper Transfer: 8 Hopper Check: 1 Hopper Amount: 1
[18:48:30] [Server thread/INFO]: Custom Map Seeds:  Village: 10387312 Desert: 14357617 Igloo: 14357618 Jungle: 14357619 Swamp: 14357620 Monument: 10387313 Ocean: 14357621 Shipwreck: 165745295 End City: 10387313 Slime: 987234911 Bastion: 30084232 Fortress: 30084232 Mansion: 10387319 Fossil: 14357921 Portal: 34222645
[18:48:30] [Server thread/INFO]: Max TNT Explosions: 100
[18:48:30] [Server thread/INFO]: Tile Max Tick Time: 50ms Entity max Tick Time: 50ms
[18:48:30] [Server thread/INFO]: Entity Tracking Range: Pl 48 / An 48 / Mo 48 / Mi 32 / Other 64
[18:48:30] [Server thread/INFO]: Allow Zombie Pigmen to spawn from portal blocks: true
[18:48:30] [Server thread/INFO]: Item Merge Radius: 2.5
[18:48:30] [Server thread/INFO]: Item Despawn Rate: 6000
[18:48:30] [Server thread/INFO]: View Distance: 15
[18:48:30] [Server thread/INFO]: Arrow Despawn Rate: 1200 Trident Respawn Rate:1200
[18:48:30] [Server thread/INFO]: Zombie Aggressive Towards Villager: true
[18:48:30] [Server thread/INFO]: Nerfing mobs spawned from spawners: false
[18:48:30] [Server thread/INFO]: -------- World Settings For [world_the_end] --------
[18:48:30] [Server thread/INFO]: Experience Merge Radius: 3.0
[18:48:30] [Server thread/INFO]: Mob Spawn Range: 6
[18:48:30] [Server thread/INFO]: Cactus Growth Modifier: 100%
[18:48:30] [Server thread/INFO]: Cane Growth Modifier: 100%
[18:48:30] [Server thread/INFO]: Melon Growth Modifier: 100%
[18:48:30] [Server thread/INFO]: Mushroom Growth Modifier: 100%
[18:48:30] [Server thread/INFO]: Pumpkin Growth Modifier: 100%
[18:48:30] [Server thread/INFO]: Sapling Growth Modifier: 100%
[18:48:30] [Server thread/INFO]: Beetroot Growth Modifier: 100%
[18:48:30] [Server thread/INFO]: Carrot Growth Modifier: 100%
[18:48:30] [Server thread/INFO]: Potato Growth Modifier: 100%
[18:48:30] [Server thread/INFO]: Wheat Growth Modifier: 100%
[18:48:30] [Server thread/INFO]: NetherWart Growth Modifier: 100%
[18:48:30] [Server thread/INFO]: Vine Growth Modifier: 100%
[18:48:30] [Server thread/INFO]: Cocoa Growth Modifier: 100%
[18:48:30] [Server thread/INFO]: Bamboo Growth Modifier: 100%
[18:48:30] [Server thread/INFO]: SweetBerry Growth Modifier: 100%
[18:48:30] [Server thread/INFO]: Kelp Growth Modifier: 100%
[18:48:30] [Server thread/INFO]: Entity Activation Range: An 32 / Mo 32 / Ra 48 / Mi 16 / Tiv true
[18:48:30] [Server thread/INFO]: Hopper Transfer: 8 Hopper Check: 1 Hopper Amount: 1
[18:48:30] [Server thread/INFO]: Custom Map Seeds:  Village: 10387312 Desert: 14357617 Igloo: 14357618 Jungle: 14357619 Swamp: 14357620 Monument: 10387313 Ocean: 14357621 Shipwreck: 165745295 End City: 10387313 Slime: 987234911 Bastion: 30084232 Fortress: 30084232 Mansion: 10387319 Fossil: 14357921 Portal: 34222645
[18:48:30] [Server thread/INFO]: Max TNT Explosions: 100
[18:48:30] [Server thread/INFO]: Tile Max Tick Time: 50ms Entity max Tick Time: 50ms
[18:48:30] [Server thread/INFO]: Entity Tracking Range: Pl 48 / An 48 / Mo 48 / Mi 32 / Other 64
[18:48:30] [Server thread/INFO]: Allow Zombie Pigmen to spawn from portal blocks: true
[18:48:30] [Server thread/INFO]: Item Merge Radius: 2.5
[18:48:30] [Server thread/INFO]: Item Despawn Rate: 6000
[18:48:30] [Server thread/INFO]: View Distance: 15
[18:48:30] [Server thread/INFO]: Arrow Despawn Rate: 1200 Trident Respawn Rate:1200
[18:48:30] [Server thread/INFO]: Zombie Aggressive Towards Villager: true
[18:48:30] [Server thread/INFO]: Nerfing mobs spawned from spawners: false
[18:48:30] [Server thread/INFO]: Preparing start region for dimension minecraft:overworld
[18:48:32] [Server thread/INFO]: Preparing spawn area: 0%
[18:48:32] [Server thread/INFO]: Preparing spawn area: 0%
[18:48:32] [Server thread/INFO]: Preparing spawn area: 0%
[18:48:32] [Server thread/INFO]: Preparing spawn area: 0%
[18:48:32] [Server thread/INFO]: Preparing spawn area: 0%
[18:48:32] [Server thread/INFO]: Preparing spawn area: 0%
[18:48:33] [Server thread/INFO]: Preparing spawn area: 30%
[18:48:33] [Server thread/INFO]: Preparing spawn area: 100%
[18:48:33] [Server thread/INFO]: Time elapsed: 3564 ms
[18:48:33] [Server thread/INFO]: Preparing start region for dimension minecraft:the_nether
[18:48:34] [Server thread/INFO]: Preparing spawn area: 0%
[18:48:34] [Server thread/INFO]: Preparing spawn area: 0%
[18:48:34] [Server thread/INFO]: Preparing spawn area: 0%
[18:48:35] [Server thread/INFO]: Time elapsed: 1259 ms
[18:48:35] [Server thread/INFO]: Preparing start region for dimension minecraft:the_end
[18:48:35] [Server thread/INFO]: Preparing spawn area: 0%
[18:48:35] [Worker-Main-8/INFO]: Preparing spawn area: 83%
[18:48:36] [Worker-Main-10/INFO]: Preparing spawn area: 83%
[18:48:36] [Server thread/INFO]: Time elapsed: 1303 ms
[18:48:36] [Server thread/INFO]: [OldPvP] Enabling OldPvP v1.9
[18:48:36] [Server thread/INFO]: [OldPvP] Your server is running version v1_16_R3
[18:48:36] [Server thread/INFO]: [1.8 PvP] Error occured, please report on the forums!
[18:48:36] [Server thread/INFO]: [dynmap] Enabling dynmap v3.1-beta5-431
[18:48:36] [Server thread/INFO]: [dynmap] Added 4 custom biome mappings
[18:48:36] [Server thread/INFO]: [dynmap] Using LuckPerms 5.2.47 for access control
[18:48:36] [Server thread/WARN]: [dynmap] cwebp or dwebp not found, or cwebpPath or dwebpPath is invalid: webp format disabled
[18:48:36] [Server thread/INFO]: [dynmap] Mod Support processing completed
[18:48:38] [Server thread/INFO]: [dynmap] Loaded 25 shaders.
[18:48:38] [Server thread/INFO]: [dynmap] Loaded 82 perspectives.
[18:48:38] [Server thread/INFO]: [dynmap] Loaded 22 lightings.
[18:48:38] [Server thread/INFO]: [dynmap] Starting enter/exit processing
[18:48:38] [Dynmap Render Thread/INFO]: [dynmap] Finish marker initialization
[18:48:38] [Server thread/INFO]: [dynmap] Web server started on address 51.89.132.253:8123
[18:48:38] [Server thread/INFO]: [dynmap] version 3.1-beta5-431 is enabled - core version 3.1-beta5-431
[18:48:38] [Server thread/INFO]: [dynmap] For support, visit https://reddit.com/r/Dynmap or our Discord at https://discord.gg/s3rd5qn
[18:48:38] [Server thread/INFO]: [dynmap] To report or track bugs, visit https://github.com/webbukkit/dynmap/issues
[18:48:38] [Server thread/INFO]: [dynmap] If you'd like to donate, please visit https://www.patreon.com/dynmap or https://ko-fi.com/michaelprimm
[18:48:38] [Server thread/INFO]: [dynmap] Loaded 3 maps of world 'world'.
[18:48:38] [Server thread/INFO]: [dynmap] Loaded 4 pending tile renders for world 'world'
[18:48:38] [Server thread/INFO]: [dynmap] Update render for world 'world' restored
[18:48:38] [Server thread/INFO]: [dynmap] Loaded 2 maps of world 'world_nether'.
[18:48:38] [Server thread/INFO]: [dynmap] Loaded 2 maps of world 'world_the_end'.
[18:48:39] [Server thread/INFO]: [dynmap] Enabled
[18:48:39] [Server thread/INFO]: [Essentials] Enabling Essentials v2.18.2.0
[18:48:39] [Server thread/INFO]: [Essentials] You are running a server with limited API functionality. EssentialsX will still work, but certain features may be disabled.
[18:48:39] [Server thread/INFO]: Attempting to convert old kits in config.yml to new kits.yml
[18:48:39] [Server thread/INFO]: No kits found to migrate.
[18:48:39] [Server thread/INFO]: Loaded 25599 items from items.json.
[18:48:39] [Server thread/INFO]: Using locale en_US
[18:48:39] [Server thread/INFO]: [Essentials] ServerListPingEvent: Spigot iterator API
[18:48:39] [Server thread/INFO]: [Essentials] Starting Metrics. Opt-out using the global bStats config.
[18:48:39] [Server thread/INFO]: [Vault] [Economy] Essentials Economy hooked.
[18:48:39] [Server thread/INFO]: [Essentials] Using Vault based permissions (LuckPerms)
[18:48:39] [Server thread/INFO]: [EssentialsProtect] Enabling EssentialsProtect v2.18.2.0
[18:48:39] [Server thread/INFO]: [EssentialsProtect] Continuing to enable Protect.
[18:48:39] [Server thread/INFO]: [EssentialsProtect] Starting Metrics. Opt-out using the global bStats config.
[18:48:39] [Server thread/INFO]: [EssentialsSpawn] Enabling EssentialsSpawn v2.18.2.0
[18:48:39] [Server thread/INFO]: [EssentialsSpawn] Starting Metrics. Opt-out using the global bStats config.
[18:48:39] [Server thread/INFO]: [EssentialsGeoIP] Enabling EssentialsGeoIP v2.18.2.0
[18:48:39] [Server thread/ERROR]: No license key found! Please visit https://essentialsx.cf/geoip for first time setup instructions.
[18:48:39] [Server thread/ERROR]: Failed to read GeoIP database!
java.io.FileNotFoundException: plugins/EssentialsGeoIP/GeoIP2-Country.mmdb (No such file or directory)
	at java.io.RandomAccessFile.open0(Native Method) ~[?:1.8.0_211]
	at java.io.RandomAccessFile.open(RandomAccessFile.java:316) ~[?:1.8.0_211]
	at java.io.RandomAccessFile.<init>(RandomAccessFile.java:243) ~[?:1.8.0_211]
	at com.maxmind.db.BufferHolder.<init>(BufferHolder.java:19) ~[?:?]
	at com.maxmind.db.Reader.<init>(Reader.java:116) ~[?:?]
	at com.maxmind.geoip2.DatabaseReader.<init>(DatabaseReader.java:66) ~[?:?]
	at com.maxmind.geoip2.DatabaseReader.<init>(DatabaseReader.java:54) ~[?:?]
	at com.maxmind.geoip2.DatabaseReader$Builder.build(DatabaseReader.java:160) ~[?:?]
	at com.earth2me.essentials.geoip.EssentialsGeoIPPlayerListener.reloadConfig(EssentialsGeoIPPlayerListener.java:175) ~[?:?]
	at com.earth2me.essentials.geoip.EssentialsGeoIPPlayerListener.<init>(EssentialsGeoIPPlayerListener.java:52) ~[?:?]
	at com.earth2me.essentials.geoip.EssentialsGeoIP.onEnable(EssentialsGeoIP.java:31) ~[?:?]
	at org.bukkit.plugin.java.JavaPlugin.setEnabled(JavaPlugin.java:263) ~[Spigot_Latest_1.16.4.jar:git-Spigot-a19903d-009f0ba]
	at org.bukkit.plugin.java.JavaPluginLoader.enablePlugin(JavaPluginLoader.java:351) ~[Spigot_Latest_1.16.4.jar:git-Spigot-a19903d-009f0ba]
	at org.bukkit.plugin.SimplePluginManager.enablePlugin(SimplePluginManager.java:480) ~[Spigot_Latest_1.16.4.jar:git-Spigot-a19903d-009f0ba]
	at org.bukkit.craftbukkit.v1_16_R3.CraftServer.enablePlugin(CraftServer.java:494) ~[Spigot_Latest_1.16.4.jar:git-Spigot-a19903d-009f0ba]
	at org.bukkit.craftbukkit.v1_16_R3.CraftServer.enablePlugins(CraftServer.java:408) ~[Spigot_Latest_1.16.4.jar:git-Spigot-a19903d-009f0ba]
	at net.minecraft.server.v1_16_R3.MinecraftServer.loadWorld(MinecraftServer.java:435) ~[Spigot_Latest_1.16.4.jar:git-Spigot-a19903d-009f0ba]
	at net.minecraft.server.v1_16_R3.DedicatedServer.init(DedicatedServer.java:218) ~[Spigot_Latest_1.16.4.jar:git-Spigot-a19903d-009f0ba]
	at net.minecraft.server.v1_16_R3.MinecraftServer.w(MinecraftServer.java:809) ~[Spigot_Latest_1.16.4.jar:git-Spigot-a19903d-009f0ba]
	at net.minecraft.server.v1_16_R3.MinecraftServer.lambda$0(MinecraftServer.java:164) ~[Spigot_Latest_1.16.4.jar:git-Spigot-a19903d-009f0ba]
	at java.lang.Thread.run(Thread.java:748) [?:1.8.0_211]
[18:48:39] [Server thread/INFO]: [EssentialsGeoIP] This product includes GeoLite2 data created by MaxMind, available from http://www.maxmind.com/.
[18:48:39] [Server thread/INFO]: [EssentialsGeoIP] Starting Metrics. Opt-out using the global bStats config.
[18:48:39] [Server thread/INFO]: [EssentialsChat] Enabling EssentialsChat v2.18.2.0
[18:48:39] [Server thread/INFO]: [EssentialsChat] Starting Metrics. Opt-out using the global bStats config.
[18:48:39] [Server thread/INFO]: [BetterSleeping3] Enabling BetterSleeping3 v3.0.4
[18:48:39] [Server thread/INFO]: [BetterSleeping3] No missing options were found in config.yml!
[18:48:39] [Server thread/INFO]: [BetterSleeping3] No missing options were found in sleeping_settings.yml!
[18:48:39] [Server thread/INFO]: [BetterSleeping3] No missing options were found in hooks.yml!
[18:48:39] [Server thread/INFO]: [BetterSleeping3] No missing options were found in bypassing.yml!
[18:48:39] [Server thread/INFO]: [BetterSleeping3] Using localised lang file for: en-US
[18:48:39] [Server thread/INFO]: [BetterSleeping3] No missing options were found in lang/en-us.yml!
[18:48:39] [Server thread/INFO]: [BetterSleeping3] Using 'smooth' as night skip mode
[18:48:39] [Server thread/INFO]: [BetterSleeping3] Using required sleepers counter 'percentage' which is set to 30% of players required
[18:48:39] [Server thread/INFO]: [BetterSleeping3] The message below is always shown, even if collecting data is disabled: 
[18:48:39] [Server thread/INFO]: [BetterSleeping3] BetterSleeping collects anonymous statistics once every 30 minutes. Opt-out at bStats/config.yml
[18:48:39] [Server thread/INFO]: [EssentialsAntiBuild] Enabling EssentialsAntiBuild v2.18.2.0
[18:48:39] [Server thread/INFO]: [EssentialsAntiBuild] Starting Metrics. Opt-out using the global bStats config.
[18:48:39] [Server thread/INFO]: [EssentialsXMPP] Enabling EssentialsXMPP v2.18.2.0
[18:48:40] [Server thread/WARN]: XMPP is not configured properly. If you do not know what XMPP is, you may wish to remove the EssentialsXXMPP plugin from your server.
[18:48:40] [Server thread/INFO]: [EssentialsXMPP] Starting Metrics. Opt-out using the global bStats config.
[18:48:40] [Thread-45/INFO]: [BetterSleeping3] You are using the latest version: 3.0.4
[18:48:40] [Server thread/INFO]: Server permissions file permissions.yml is empty, ignoring it
[18:48:40] [Server thread/INFO]: Done (11.232s)! For help, type "help"
[18:48:40] [Craft Scheduler Thread - 5/INFO]: [Vault] Checking for Updates ... 
[18:48:40] [Dynmap Render Thread/INFO]: [dynmap] Loading default resource pack
[18:48:41] [Craft Scheduler Thread - 5/INFO]: [Vault] No new version available
[18:48:48] [Dynmap Render Thread/INFO]: [dynmap] Update render of maps [surface,cave] of 'world' in progress - 11500 tiles rendered each (117.03 msec/map-tile, 196.00 msec per render)
[18:49:10] [Dynmap Render Thread/INFO]: [dynmap] Update render of maps [surface,cave] of 'world' in progress - 11600 tiles rendered each (116.94 msec/map-tile, 156.33 msec per render)
[18:49:29] [Server thread/INFO]: CONSOLE issued server command: /list 
[18:49:29] [Server thread/INFO]: There are 0 out of maximum 69 players online.
[18:49:34] [Dynmap Render Thread/INFO]: [dynmap] Update render of maps [surface,cave] of 'world' in progress - 11700 tiles rendered each (116.92 msec/map-tile, 162.18 msec per render)
[18:50:00] [Dynmap Render Thread/INFO]: [dynmap] Update render of maps [surface,cave] of 'world' in progress - 11800 tiles rendered each (117.00 msec/map-tile, 171.22 msec per render)
[18:50:18] [Server thread/INFO]: CONSOLE issued server command: /list 
[18:50:18] [Server thread/INFO]: There are 0 out of maximum 69 players online.
[18:50:24] [Dynmap Render Thread/INFO]: [dynmap] Update render of maps [surface,cave] of 'world' in progress - 11900 tiles rendered each (116.96 msec/map-tile, 169.82 msec per render)
[18:50:48] [Dynmap Render Thread/INFO]: [dynmap] Update render of maps [surface,cave] of 'world' in progress - 12000 tiles rendered each (116.94 msec/map-tile, 170.44 msec per render)
[18:51:08] [Server thread/INFO]: CONSOLE issued server command: /list 
[18:51:08] [Server thread/INFO]: There are 0 out of maximum 69 players online.
[18:51:16] [Dynmap Render Thread/INFO]: [dynmap] Update render of maps [surface,cave] of 'world' in progress - 12100 tiles rendered each (117.09 msec/map-tile, 178.47 msec per render)
[18:51:27] [Dynmap Render Thread/INFO]: [dynmap] Update render of maps [surface,cave] of 'world' completed - 12143 tiles rendered each (117.06 msec/map-tile, 178.08 msec per render)
[18:51:27] [Dynmap Render Thread/INFO]: [dynmap] Update render of 'world' finished.
[18:51:32] [User Authenticator #1/INFO]: UUID of player Nickbiggbutt is 95715745-2bb3-441a-b3fa-96c92e6af1bb
[18:51:33] [Server thread/INFO]: Nickbiggbutt[/5.186.118.165:4147] logged in with entity id 209 at ([world]6554.186430122993, 63.0, -1354.8273747107394)
[18:51:33] [Server thread/WARN]: [Essentials] XMPP is not configured properly. If you do not know what XMPP is, you may wish to remove the EssentialsXXMPP plugin from your server.
[18:51:35] [Server thread/WARN]: [Essentials] Permissions lag notice with (LuckPermsHandler). Response took 654.200915ms. Summary: Getting prefix for Nickbiggbutt
[18:51:35] [Server thread/INFO]: [+1] Nickbiggbutt joined the server
[18:51:38] [Server thread/INFO]: Nickbiggbutt lost connection: Disconnected
[18:51:38] [Server thread/INFO]: [-1] Nickbiggbutt left the server
[18:51:38] [Server thread/WARN]: [Essentials] XMPP is not configured properly. If you do not know what XMPP is, you may wish to remove the EssentialsXXMPP plugin from your server.
[18:51:57] [Server thread/INFO]: CONSOLE issued server command: /list 
[18:51:57] [Server thread/INFO]: There are 0 out of maximum 69 players online.
[18:52:46] [Server thread/INFO]: CONSOLE issued server command: /list 
[18:52:46] [Server thread/INFO]: There are 0 out of maximum 69 players online.
[18:53:35] [Server thread/INFO]: CONSOLE issued server command: /list 
[18:53:35] [Server thread/INFO]: There are 0 out of maximum 69 players online.
[18:54:24] [Server thread/INFO]: CONSOLE issued server command: /list 
[18:54:25] [Server thread/INFO]: There are 0 out of maximum 69 players online.
[18:55:14] [Server thread/INFO]: CONSOLE issued server command: /list 
[18:55:14] [Server thread/INFO]: There are 0 out of maximum 69 players online.
[18:56:03] [Server thread/INFO]: CONSOLE issued server command: /list 
[18:56:03] [Server thread/INFO]: There are 0 out of maximum 69 players online.
[18:56:52] [Server thread/INFO]: CONSOLE issued server command: /list 
[18:56:52] [Server thread/INFO]: There are 0 out of maximum 69 players online.
[18:57:41] [Server thread/INFO]: CONSOLE issued server command: /list 
[18:57:41] [Server thread/INFO]: There are 0 out of maximum 69 players online.
[18:58:00] [Server thread/INFO]: Saving is already turned on
[18:58:00] [Server thread/INFO]: Saving the game (this may take a moment!)
[18:58:00] [Server thread/INFO]: Saved the game
[18:58:30] [Server thread/INFO]: CONSOLE issued server command: /list 
[18:58:30] [Server thread/INFO]: There are 0 out of maximum 69 players online.
[18:59:20] [Server thread/INFO]: CONSOLE issued server command: /list 
[18:59:20] [Server thread/INFO]: There are 0 out of maximum 69 players online.
[19:00:09] [Server thread/INFO]: CONSOLE issued server command: /list 
[19:00:09] [Server thread/INFO]: There are 0 out of maximum 69 players online.
[19:00:58] [Server thread/INFO]: CONSOLE issued server command: /list 
[19:00:58] [Server thread/INFO]: There are 0 out of maximum 69 players online.
[19:01:47] [Server thread/INFO]: CONSOLE issued server command: /list 
[19:01:47] [Server thread/INFO]: There are 0 out of maximum 69 players online.
[19:02:36] [Server thread/INFO]: CONSOLE issued server command: /list 
[19:02:36] [Server thread/INFO]: There are 0 out of maximum 69 players online.
[19:03:26] [Server thread/INFO]: CONSOLE issued server command: /list 
[19:03:26] [Server thread/INFO]: There are 0 out of maximum 69 players online.
[19:04:15] [Server thread/INFO]: CONSOLE issued server command: /list 
[19:04:15] [Server thread/INFO]: There are 0 out of maximum 69 players online.
[19:05:04] [Server thread/INFO]: CONSOLE issued server command: /list 
[19:05:04] [Server thread/INFO]: There are 0 out of maximum 69 players online.
[19:05:53] [Server thread/INFO]: CONSOLE issued server command: /list 
[19:05:53] [Server thread/INFO]: There are 0 out of maximum 69 players online.
[19:06:42] [Server thread/INFO]: CONSOLE issued server command: /list 
[19:06:42] [Server thread/INFO]: There are 0 out of maximum 69 players online.
[19:07:32] [Server thread/INFO]: CONSOLE issued server command: /list 
[19:07:32] [Server thread/INFO]: There are 0 out of maximum 69 players online.
[19:08:04] [Server thread/INFO]: Saving is already turned on
[19:08:04] [Server thread/INFO]: Saving the game (this may take a moment!)
[19:08:04] [Server thread/INFO]: Saved the game
[19:08:21] [Server thread/INFO]: CONSOLE issued server command: /list 
[19:08:21] [Server thread/INFO]: There are 0 out of maximum 69 players online.
[19:09:10] [Server thread/INFO]: CONSOLE issued server command: /list 
[19:09:10] [Server thread/INFO]: There are 0 out of maximum 69 players online.
[19:09:59] [Server thread/INFO]: CONSOLE issued server command: /list 
[19:09:59] [Server thread/INFO]: There are 0 out of maximum 69 players online.
[19:10:48] [Server thread/INFO]: CONSOLE issued server command: /list 
[19:10:48] [Server thread/INFO]: There are 0 out of maximum 69 players online.
[19:11:38] [Server thread/INFO]: CONSOLE issued server command: /list 
[19:11:38] [Server thread/INFO]: There are 0 out of maximum 69 players online.
[19:12:27] [Server thread/INFO]: CONSOLE issued server command: /list 
[19:12:27] [Server thread/INFO]: There are 0 out of maximum 69 players online.
[19:13:16] [Server thread/INFO]: CONSOLE issued server command: /list 
[19:13:16] [Server thread/INFO]: There are 0 out of maximum 69 players online.
[19:14:05] [Server thread/INFO]: CONSOLE issued server command: /list 
[19:14:05] [Server thread/INFO]: There are 0 out of maximum 69 players online.
[19:14:54] [Server thread/INFO]: CONSOLE issued server command: /list 
[19:14:54] [Server thread/INFO]: There are 0 out of maximum 69 players online.
[19:15:08] [User Authenticator #2/INFO]: UUID of player ItsMrHornet is 99a80b73-34c0-48b7-8cd9-ed68b1a998e0
[19:15:09] [Server thread/INFO]: ItsMrHornet[/78.21.195.91:49546] logged in with entity id 421 at ([world]197.8605392007112, 72.0, 322.7509079992811)
[19:15:09] [Server thread/WARN]: [Essentials] XMPP is not configured properly. If you do not know what XMPP is, you may wish to remove the EssentialsXXMPP plugin from your server.
[19:15:09] [Server thread/INFO]: [+1] ItsMrHornet joined the server
[19:15:41] [Server thread/INFO]: ItsMrHornet issued server command: /lp editor
[19:15:44] [Server thread/INFO]: CONSOLE issued server command: /list 
[19:15:44] [Server thread/INFO]: There are 1 out of maximum 69 players online.
[19:15:44] [Server thread/INFO]: default: ItsMrHornet
[19:16:33] [Server thread/INFO]: CONSOLE issued server command: /list 
[19:16:33] [Server thread/INFO]: There are 1 out of maximum 69 players online.
[19:16:33] [Server thread/INFO]: default: ItsMrHornet
[19:17:22] [Server thread/INFO]: CONSOLE issued server command: /list 
[19:17:22] [Server thread/INFO]: There are 1 out of maximum 69 players online.
[19:17:22] [Server thread/INFO]: default: ItsMrHornet
[19:18:08] [Server thread/INFO]: Saving is already turned on
[19:18:08] [Server thread/INFO]: Saving the game (this may take a moment!)
[19:18:09] [Server thread/INFO]: Saved the game
[19:18:11] [Server thread/INFO]: CONSOLE issued server command: /list 
[19:18:11] [Server thread/INFO]: There are 1 out of maximum 69 players online.
[19:18:11] [Server thread/INFO]: default: ItsMrHornet
[19:19:00] [Server thread/INFO]: CONSOLE issued server command: /list 
[19:19:00] [Server thread/INFO]: There are 1 out of maximum 69 players online.
[19:19:00] [Server thread/INFO]: default: ItsMrHornet
[19:19:31] [Server thread/INFO]: ItsMrHornet issued server command: /lp applyedits wZchzpWpHv
[19:19:31] [pool-6-thread-1/INFO]: [LP] LOG > (ItsMrHornet) [U] (itsmrhornet)
[19:19:31] [pool-6-thread-1/INFO]: [LP] LOG > webeditor add group.staff true
[19:19:31] [pool-6-thread-1/INFO]: [LP] LOG > (ItsMrHornet) [G] (staff)
[19:19:31] [pool-6-thread-1/INFO]: [LP] LOG > webeditor add group.default true
[19:19:31] [pool-6-thread-1/INFO]: [LP] LOG > (ItsMrHornet) [G] (staff)
[19:19:31] [pool-6-thread-1/INFO]: [LP] LOG > webeditor add weight.2 true
[19:19:31] [pool-6-thread-1/INFO]: [LP] LOG > (ItsMrHornet) [G] (staff)
[19:19:31] [pool-6-thread-1/INFO]: [LP] LOG > webeditor add prefix.2.Staff true
[19:19:31] [pool-6-thread-1/INFO]: [LP] LOG > (ItsMrHornet) [G] (staff)
[19:19:31] [pool-6-thread-1/INFO]: [LP] LOG > webeditor add displayname.Staff true
[19:19:33] [Async Chat Thread - #0/INFO]: [Staff] StaffItsMrHornet: g
[19:19:40] [Server thread/INFO]: ItsMrHornet issued server command: /essentials
[19:19:50] [Server thread/INFO]: CONSOLE issued server command: /list 
[19:19:50] [Server thread/INFO]: There are 1 out of maximum 69 players online.
[19:19:50] [Server thread/INFO]: Staff: StaffItsMrHornet
[19:20:39] [Server thread/INFO]: CONSOLE issued server command: /list 
[19:20:39] [Server thread/INFO]: There are 1 out of maximum 69 players online.
[19:20:39] [Server thread/INFO]: Staff: StaffItsMrHornet
[19:21:28] [Server thread/INFO]: CONSOLE issued server command: /list 
[19:21:28] [Server thread/INFO]: There are 1 out of maximum 69 players online.
[19:21:28] [Server thread/INFO]: Staff: StaffItsMrHornet
[19:22:17] [Server thread/INFO]: CONSOLE issued server command: /list 
[19:22:17] [Server thread/INFO]: There are 1 out of maximum 69 players online.
[19:22:17] [Server thread/INFO]: Staff: StaffItsMrHornet
[19:23:06] [Server thread/INFO]: CONSOLE issued server command: /list 
[19:23:06] [Server thread/INFO]: There are 1 out of maximum 69 players online.
[19:23:06] [Server thread/INFO]: Staff: StaffItsMrHornet
[19:23:56] [Server thread/INFO]: CONSOLE issued server command: /list 
[19:23:56] [Server thread/INFO]: There are 1 out of maximum 69 players online.
[19:23:56] [Server thread/INFO]: Staff: StaffItsMrHornet
[19:24:25] [Server thread/INFO]: ItsMrHornet issued server command: /lp applyedits lg3etx8Bso
[19:24:25] [pool-6-thread-1/INFO]: [LP] LOG > (ItsMrHornet) [G] (default)
[19:24:25] [pool-6-thread-1/INFO]: [LP] LOG > webeditor add weight.2 true
[19:24:25] [pool-6-thread-1/INFO]: [LP] LOG > (ItsMrHornet) [G] (default)
[19:24:25] [pool-6-thread-1/INFO]: [LP] LOG > webeditor add prefix.2.&aMember true
[19:24:25] [pool-6-thread-1/INFO]: [LP] LOG > (ItsMrHornet) [G] (staff)
[19:24:25] [pool-6-thread-1/INFO]: [LP] LOG > webeditor add weight.1 true
[19:24:25] [pool-6-thread-1/INFO]: [LP] LOG > (ItsMrHornet) [G] (staff)
[19:24:25] [pool-6-thread-1/INFO]: [LP] LOG > webeditor add prefix.1.&bStaff true
[19:24:25] [pool-6-thread-1/INFO]: [LP] LOG > (ItsMrHornet) [G] (staff)
[19:24:25] [pool-6-thread-1/INFO]: [LP] LOG > webeditor remove displayname.Staff true
[19:24:25] [pool-6-thread-1/INFO]: [LP] LOG > (ItsMrHornet) [G] (staff)
[19:24:25] [pool-6-thread-1/INFO]: [LP] LOG > webeditor remove prefix.2.Staff true
[19:24:25] [pool-6-thread-1/INFO]: [LP] LOG > (ItsMrHornet) [G] (staff)
[19:24:25] [pool-6-thread-1/INFO]: [LP] LOG > webeditor remove weight.2 true
[19:24:27] [Async Chat Thread - #1/INFO]: [default] MemberItsMrHornet: g
[19:24:45] [Server thread/INFO]: CONSOLE issued server command: /list 
[19:24:45] [Server thread/INFO]: There are 1 out of maximum 69 players online.
[19:24:45] [Server thread/INFO]: default: MemberItsMrHornet
[19:25:28] [Server thread/INFO]: ItsMrHornet issued server command: /lp applyedits ctHhKvVpVE
[19:25:28] [pool-6-thread-1/INFO]: [LP] LOG > (ItsMrHornet) [G] (default)
[19:25:28] [pool-6-thread-1/INFO]: [LP] LOG > webeditor add displayname.Member true
[19:25:28] [pool-6-thread-1/INFO]: [LP] LOG > (ItsMrHornet) [G] (default)
[19:25:28] [pool-6-thread-1/INFO]: [LP] LOG > webeditor add weight.1 true
[19:25:28] [pool-6-thread-1/INFO]: [LP] LOG > (ItsMrHornet) [G] (default)
[19:25:28] [pool-6-thread-1/INFO]: [LP] LOG > webeditor add prefix.1.&aMember true
[19:25:28] [pool-6-thread-1/INFO]: [LP] LOG > (ItsMrHornet) [G] (default)
[19:25:28] [pool-6-thread-1/INFO]: [LP] LOG > webeditor remove prefix.2.&aMember true
[19:25:28] [pool-6-thread-1/INFO]: [LP] LOG > (ItsMrHornet) [G] (default)
[19:25:28] [pool-6-thread-1/INFO]: [LP] LOG > webeditor remove weight.2 true
[19:25:28] [pool-6-thread-1/INFO]: [LP] LOG > (ItsMrHornet) [G] (staff)
[19:25:28] [pool-6-thread-1/INFO]: [LP] LOG > webeditor add prefix.2.&bStaff true
[19:25:28] [pool-6-thread-1/INFO]: [LP] LOG > (ItsMrHornet) [G] (staff)
[19:25:28] [pool-6-thread-1/INFO]: [LP] LOG > webeditor add weight.2 true
[19:25:28] [pool-6-thread-1/INFO]: [LP] LOG > (ItsMrHornet) [G] (staff)
[19:25:28] [pool-6-thread-1/INFO]: [LP] LOG > webeditor add displayname.staff true
[19:25:28] [pool-6-thread-1/INFO]: [LP] LOG > (ItsMrHornet) [G] (staff)
[19:25:28] [pool-6-thread-1/INFO]: [LP] LOG > webeditor remove prefix.1.&bStaff true
[19:25:28] [pool-6-thread-1/INFO]: [LP] LOG > (ItsMrHornet) [G] (staff)
[19:25:28] [pool-6-thread-1/INFO]: [LP] LOG > webeditor remove weight.1 true
[19:25:29] [Async Chat Thread - #2/INFO]: [staff] StaffItsMrHornet: g
[19:25:34] [Server thread/INFO]: CONSOLE issued server command: /list 
[19:25:34] [Server thread/INFO]: There are 1 out of maximum 69 players online.
[19:25:34] [Server thread/INFO]: staff: StaffItsMrHornet
[19:26:00] [Server thread/INFO]: ItsMrHornet issued server command: /lp applyedits zXcgBc8qVK
[19:26:00] [pool-6-thread-1/INFO]: [LP] LOG > (ItsMrHornet) [G] (staff)
[19:26:00] [pool-6-thread-1/INFO]: [LP] LOG > webeditor add prefix.2.&7[&bStaff&7]- true
[19:26:00] [pool-6-thread-1/INFO]: [LP] LOG > (ItsMrHornet) [G] (staff)
[19:26:00] [pool-6-thread-1/INFO]: [LP] LOG > webeditor remove prefix.2.&bStaff true
[19:26:03] [Async Chat Thread - #2/INFO]: [staff] [Staff]-ItsMrHornet: tg
[19:26:11] [Server thread/INFO]: ItsMrHornet issued server command: /nick Loki
[19:26:16] [Server thread/INFO]: ItsMrHornet issued server command: /nick &3Loki
[19:26:16] [Async Chat Thread - #2/INFO]: [staff] [Staff]-~Loki: g
[19:26:23] [Server thread/INFO]: CONSOLE issued server command: /list 
[19:26:23] [Server thread/INFO]: There are 1 out of maximum 69 players online.
[19:26:23] [Server thread/INFO]: staff: [Staff]-~Loki
[19:27:12] [Server thread/INFO]: CONSOLE issued server command: /list 
[19:27:12] [Server thread/INFO]: There are 1 out of maximum 69 players online.
[19:27:12] [Server thread/INFO]: staff: [Staff]-~Loki
[19:28:02] [Server thread/INFO]: CONSOLE issued server command: /list 
[19:28:02] [Server thread/INFO]: There are 1 out of maximum 69 players online.
[19:28:02] [Server thread/INFO]: staff: [Staff]-~Loki
[19:28:12] [Server thread/INFO]: Saving is already turned on
[19:28:12] [Server thread/INFO]: Saving the game (this may take a moment!)
[19:28:13] [Server thread/INFO]: Saved the game
[19:28:51] [Server thread/INFO]: CONSOLE issued server command: /list 
[19:28:51] [Server thread/INFO]: There are 1 out of maximum 69 players online.
[19:28:51] [Server thread/INFO]: staff: [Staff]-~Loki
[19:29:40] [Server thread/INFO]: CONSOLE issued server command: /list 
[19:29:40] [Server thread/INFO]: There are 1 out of maximum 69 players online.
[19:29:40] [Server thread/INFO]: staff: [Staff]-~Loki
[19:30:29] [Server thread/INFO]: CONSOLE issued server command: /list 
[19:30:29] [Server thread/INFO]: There are 1 out of maximum 69 players online.
[19:30:29] [Server thread/INFO]: staff: [Staff]-~Loki
[19:31:18] [Server thread/INFO]: CONSOLE issued server command: /list 
[19:31:18] [Server thread/INFO]: There are 1 out of maximum 69 players online.
[19:31:18] [Server thread/INFO]: staff: [Staff]-~Loki
